0 verbose cli /usr/local/bin/node /usr/local/bin/npm
1 info using npm@10.8.2
2 info using node@v20.19.4
3 silly config load:file:/usr/local/lib/node_modules/npm/npmrc
4 silly config load:file:/home/runner/work/middle1/middle1/.npmrc
5 silly config load:file:/home/runner/.npmrc
6 silly config load:file:/usr/local/etc/npmrc
7 verbose title npm i markdown-it markdown-it-footnote markdown-it-deflist jsdom yaml commander fast-glob prettier
8 verbose argv "i" "--save" "--no-audit" "--no-fund" "markdown-it" "markdown-it-footnote" "markdown-it-deflist" "jsdom" "yaml" "commander" "fast-glob" "prettier"
9 verbose logfile logs-max:10 dir:/home/runner/work/middle1/middle1/.npm-logs/2025-08-23T15_47_26_896Z-
10 verbose logfile /home/runner/work/middle1/middle1/.npm-logs/2025-08-23T15_47_26_896Z-debug-0.log
11 silly packumentCache heap:4345298944 maxSize:1086324736 maxEntrySize:543162368
12 silly logfile done cleaning log files
13 silly idealTree buildDeps
14 silly fetch manifest gray-matter@^4.0.3
15 silly packumentCache full:https://registry.npmjs.org/gray-matter cache-miss
16 http fetch GET 200 https://registry.npmjs.org/gray-matter 104ms (cache miss)
17 silly packumentCache full:https://registry.npmjs.org/gray-matter set size:undefined disposed:false
18 silly fetch manifest jsdom@^24.0.0
19 silly packumentCache full:https://registry.npmjs.org/jsdom cache-miss
20 http fetch GET 200 https://registry.npmjs.org/jsdom 86ms (cache miss)
21 silly packumentCache full:https://registry.npmjs.org/jsdom set size:undefined disposed:false
22 silly fetch manifest canvas@^2.11.2
23 silly packumentCache full:https://registry.npmjs.org/canvas cache-miss
24 http fetch GET 200 https://registry.npmjs.org/canvas 79ms (cache miss)
25 silly packumentCache full:https://registry.npmjs.org/canvas set size:undefined disposed:false
26 silly fetch manifest marked@^12.0.2
27 silly packumentCache full:https://registry.npmjs.org/marked cache-miss
28 http fetch GET 200 https://registry.npmjs.org/marked 69ms (cache miss)
29 silly packumentCache full:https://registry.npmjs.org/marked set size:undefined disposed:false
30 silly fetch manifest yaml@^2.4.5
31 silly packumentCache full:https://registry.npmjs.org/yaml cache-miss
32 http fetch GET 200 https://registry.npmjs.org/yaml 97ms (cache miss)
33 silly packumentCache full:https://registry.npmjs.org/yaml set size:undefined disposed:false
34 silly fetch manifest markdown-it@*
35 silly packumentCache full:https://registry.npmjs.org/markdown-it cache-miss
36 http fetch GET 200 https://registry.npmjs.org/markdown-it 75ms (cache miss)
37 silly packumentCache full:https://registry.npmjs.org/markdown-it set size:undefined disposed:false
38 silly fetch manifest markdown-it-footnote@*
39 silly packumentCache full:https://registry.npmjs.org/markdown-it-footnote cache-miss
40 http fetch GET 200 https://registry.npmjs.org/markdown-it-footnote 68ms (cache miss)
41 silly packumentCache full:https://registry.npmjs.org/markdown-it-footnote set size:undefined disposed:false
42 silly fetch manifest markdown-it-deflist@*
43 silly packumentCache full:https://registry.npmjs.org/markdown-it-deflist cache-miss
44 http fetch GET 200 https://registry.npmjs.org/markdown-it-deflist 62ms (cache miss)
45 silly packumentCache full:https://registry.npmjs.org/markdown-it-deflist set size:undefined disposed:false
46 silly fetch manifest commander@*
47 silly packumentCache full:https://registry.npmjs.org/commander cache-miss
48 http fetch GET 200 https://registry.npmjs.org/commander 77ms (cache miss)
49 silly packumentCache full:https://registry.npmjs.org/commander set size:undefined disposed:false
50 silly fetch manifest fast-glob@*
51 silly packumentCache full:https://registry.npmjs.org/fast-glob cache-miss
52 http fetch GET 200 https://registry.npmjs.org/fast-glob 66ms (cache miss)
53 silly packumentCache full:https://registry.npmjs.org/fast-glob set size:undefined disposed:false
54 silly fetch manifest prettier@*
55 silly packumentCache full:https://registry.npmjs.org/prettier cache-miss
56 http fetch GET 200 https://registry.npmjs.org/prettier 74ms (cache miss)
57 silly packumentCache full:https://registry.npmjs.org/prettier set size:undefined disposed:false
58 silly placeDep ROOT commander@14.0.0 OK for:  want: *
59 silly placeDep ROOT fast-glob@3.3.3 OK for:  want: *
60 silly placeDep ROOT gray-matter@4.0.3 OK for:  want: ^4.0.3
61 silly placeDep ROOT jsdom@24.1.3 OK for:  want: ^24.0.0
62 silly placeDep ROOT markdown-it@14.1.0 OK for:  want: *
63 silly placeDep ROOT markdown-it-deflist@3.0.0 OK for:  want: *
64 silly placeDep ROOT markdown-it-footnote@4.0.0 OK for:  want: *
65 silly placeDep ROOT marked@12.0.2 OK for:  want: ^12.0.2
66 silly placeDep ROOT prettier@3.6.2 OK for:  want: *
67 silly placeDep ROOT yaml@2.8.1 OK for:  want: ^2.4.5
68 silly fetch manifest @nodelib/fs.stat@^2.0.2
69 silly packumentCache full:https://registry.npmjs.org/@nodelib%2ffs.stat cache-miss
70 silly fetch manifest @nodelib/fs.walk@^1.2.3
71 silly packumentCache full:https://registry.npmjs.org/@nodelib%2ffs.walk cache-miss
72 silly fetch manifest glob-parent@^5.1.2
73 silly packumentCache full:https://registry.npmjs.org/glob-parent cache-miss
74 http fetch GET 200 https://registry.npmjs.org/@nodelib%2ffs.stat 106ms (cache miss)
75 silly packumentCache full:https://registry.npmjs.org/@nodelib%2ffs.stat set size:undefined disposed:false
76 silly fetch manifest merge2@^1.3.0
77 silly packumentCache full:https://registry.npmjs.org/merge2 cache-miss
78 http fetch GET 200 https://registry.npmjs.org/glob-parent 115ms (cache miss)
79 silly packumentCache full:https://registry.npmjs.org/glob-parent set size:undefined disposed:false
80 silly fetch manifest micromatch@^4.0.8
81 silly packumentCache full:https://registry.npmjs.org/micromatch cache-miss
82 http fetch GET 200 https://registry.npmjs.org/@nodelib%2ffs.walk 155ms (cache miss)
83 silly packumentCache full:https://registry.npmjs.org/@nodelib%2ffs.walk set size:undefined disposed:false
84 silly fetch manifest js-yaml@^3.13.1
85 silly packumentCache full:https://registry.npmjs.org/js-yaml cache-miss
86 http fetch GET 200 https://registry.npmjs.org/merge2 93ms (cache miss)
87 silly packumentCache full:https://registry.npmjs.org/merge2 set size:undefined disposed:false
88 silly fetch manifest kind-of@^6.0.2
89 silly packumentCache full:https://registry.npmjs.org/kind-of cache-miss
90 http fetch GET 200 https://registry.npmjs.org/micromatch 99ms (cache miss)
91 silly packumentCache full:https://registry.npmjs.org/micromatch set size:undefined disposed:false
92 silly fetch manifest section-matter@^1.0.0
93 silly packumentCache full:https://registry.npmjs.org/section-matter cache-miss
94 http fetch GET 200 https://registry.npmjs.org/js-yaml 97ms (cache miss)
95 silly packumentCache full:https://registry.npmjs.org/js-yaml set size:undefined disposed:false
96 silly fetch manifest strip-bom-string@^1.0.0
97 silly packumentCache full:https://registry.npmjs.org/strip-bom-string cache-miss
98 http fetch GET 200 https://registry.npmjs.org/kind-of 107ms (cache miss)
99 silly packumentCache full:https://registry.npmjs.org/kind-of set size:undefined disposed:false
100 silly fetch manifest ws@^8.18.0
101 silly packumentCache full:https://registry.npmjs.org/ws cache-miss
102 http fetch GET 200 https://registry.npmjs.org/strip-bom-string 77ms (cache miss)
103 silly packumentCache full:https://registry.npmjs.org/strip-bom-string set size:undefined disposed:false
104 silly fetch manifest saxes@^6.0.0
105 silly packumentCache full:https://registry.npmjs.org/saxes cache-miss
106 http fetch GET 200 https://registry.npmjs.org/section-matter 120ms (cache miss)
107 silly packumentCache full:https://registry.npmjs.org/section-matter set size:undefined disposed:false
108 silly fetch manifest nwsapi@^2.2.12
109 silly packumentCache full:https://registry.npmjs.org/nwsapi cache-miss
110 http fetch GET 200 https://registry.npmjs.org/ws 83ms (cache miss)
111 silly packumentCache full:https://registry.npmjs.org/ws set size:undefined disposed:false
112 silly fetch manifest parse5@^7.1.2
113 silly packumentCache full:https://registry.npmjs.org/parse5 cache-miss
114 http fetch GET 200 https://registry.npmjs.org/saxes 115ms (cache miss)
115 silly packumentCache full:https://registry.npmjs.org/saxes set size:undefined disposed:false
116 silly fetch manifest cssstyle@^4.0.1
117 silly packumentCache full:https://registry.npmjs.org/cssstyle cache-miss
118 http fetch GET 200 https://registry.npmjs.org/nwsapi 125ms (cache miss)
119 silly packumentCache full:https://registry.npmjs.org/nwsapi set size:undefined disposed:false
120 silly fetch manifest data-urls@^5.0.0
121 silly packumentCache full:https://registry.npmjs.org/data-urls cache-miss
122 http fetch GET 200 https://registry.npmjs.org/parse5 103ms (cache miss)
123 silly packumentCache full:https://registry.npmjs.org/parse5 set size:undefined disposed:false
124 silly fetch manifest form-data@^4.0.0
125 silly packumentCache full:https://registry.npmjs.org/form-data cache-miss
126 http fetch GET 200 https://registry.npmjs.org/cssstyle 100ms (cache miss)
127 silly packumentCache full:https://registry.npmjs.org/cssstyle set size:undefined disposed:false
128 silly fetch manifest decimal.js@^10.4.3
129 silly packumentCache full:https://registry.npmjs.org/decimal.js cache-miss
130 http fetch GET 200 https://registry.npmjs.org/data-urls 111ms (cache miss)
131 silly packumentCache full:https://registry.npmjs.org/data-urls set size:undefined disposed:false
132 silly fetch manifest whatwg-url@^14.0.0
133 silly packumentCache full:https://registry.npmjs.org/whatwg-url cache-miss
134 http fetch GET 200 https://registry.npmjs.org/form-data 110ms (cache miss)
135 silly packumentCache full:https://registry.npmjs.org/form-data set size:undefined disposed:false
136 silly fetch manifest rrweb-cssom@^0.7.1
137 silly packumentCache full:https://registry.npmjs.org/rrweb-cssom cache-miss
138 http fetch GET 200 https://registry.npmjs.org/decimal.js 98ms (cache miss)
139 silly packumentCache full:https://registry.npmjs.org/decimal.js set size:undefined disposed:false
140 silly fetch manifest symbol-tree@^3.2.4
141 silly packumentCache full:https://registry.npmjs.org/symbol-tree cache-miss
142 http fetch GET 200 https://registry.npmjs.org/whatwg-url 104ms (cache miss)
143 silly packumentCache full:https://registry.npmjs.org/whatwg-url set size:undefined disposed:false
144 silly fetch manifest tough-cookie@^4.1.4
145 silly packumentCache full:https://registry.npmjs.org/tough-cookie cache-miss
146 http fetch GET 200 https://registry.npmjs.org/rrweb-cssom 96ms (cache miss)
147 silly packumentCache full:https://registry.npmjs.org/rrweb-cssom set size:undefined disposed:false
148 silly fetch manifest whatwg-encoding@^3.1.1
149 silly packumentCache full:https://registry.npmjs.org/whatwg-encoding cache-miss
150 http fetch GET 200 https://registry.npmjs.org/symbol-tree 111ms (cache miss)
151 silly packumentCache full:https://registry.npmjs.org/symbol-tree set size:undefined disposed:false
152 silly fetch manifest whatwg-mimetype@^4.0.0
153 silly packumentCache full:https://registry.npmjs.org/whatwg-mimetype cache-miss
154 http fetch GET 200 https://registry.npmjs.org/tough-cookie 95ms (cache miss)
155 silly packumentCache full:https://registry.npmjs.org/tough-cookie set size:undefined disposed:false
156 silly fetch manifest http-proxy-agent@^7.0.2
157 silly packumentCache full:https://registry.npmjs.org/http-proxy-agent cache-miss
158 http fetch GET 200 https://registry.npmjs.org/whatwg-encoding 90ms (cache miss)
159 silly packumentCache full:https://registry.npmjs.org/whatwg-encoding set size:undefined disposed:false
160 silly fetch manifest https-proxy-agent@^7.0.5
161 silly packumentCache full:https://registry.npmjs.org/https-proxy-agent cache-miss
162 http fetch GET 200 https://registry.npmjs.org/whatwg-mimetype 97ms (cache miss)
163 silly packumentCache full:https://registry.npmjs.org/whatwg-mimetype set size:undefined disposed:false
164 silly fetch manifest w3c-xmlserializer@^5.0.0
165 silly packumentCache full:https://registry.npmjs.org/w3c-xmlserializer cache-miss
166 http fetch GET 200 https://registry.npmjs.org/https-proxy-agent 95ms (cache miss)
167 silly packumentCache full:https://registry.npmjs.org/https-proxy-agent set size:undefined disposed:false
168 silly fetch manifest webidl-conversions@^7.0.0
169 silly packumentCache full:https://registry.npmjs.org/webidl-conversions cache-miss
170 http fetch GET 200 https://registry.npmjs.org/http-proxy-agent 120ms (cache miss)
171 silly packumentCache full:https://registry.npmjs.org/http-proxy-agent set size:undefined disposed:false
172 silly fetch manifest xml-name-validator@^5.0.0
173 silly packumentCache full:https://registry.npmjs.org/xml-name-validator cache-miss
174 http fetch GET 200 https://registry.npmjs.org/w3c-xmlserializer 78ms (cache miss)
175 silly packumentCache full:https://registry.npmjs.org/w3c-xmlserializer set size:undefined disposed:false
176 silly fetch manifest html-encoding-sniffer@^4.0.0
177 silly packumentCache full:https://registry.npmjs.org/html-encoding-sniffer cache-miss
178 http fetch GET 200 https://registry.npmjs.org/webidl-conversions 101ms (cache miss)
179 silly packumentCache full:https://registry.npmjs.org/webidl-conversions set size:undefined disposed:false
180 silly fetch manifest is-potential-custom-element-name@^1.0.1
181 silly packumentCache full:https://registry.npmjs.org/is-potential-custom-element-name cache-miss
182 http fetch GET 200 https://registry.npmjs.org/xml-name-validator 102ms (cache miss)
183 silly packumentCache full:https://registry.npmjs.org/xml-name-validator set size:undefined disposed:false
184 silly fetch manifest argparse@^2.0.1
185 silly packumentCache full:https://registry.npmjs.org/argparse cache-miss
186 http fetch GET 200 https://registry.npmjs.org/html-encoding-sniffer 97ms (cache miss)
187 silly packumentCache full:https://registry.npmjs.org/html-encoding-sniffer set size:undefined disposed:false
188 silly fetch manifest entities@^4.4.0
189 silly packumentCache full:https://registry.npmjs.org/entities cache-miss
190 http fetch GET 200 https://registry.npmjs.org/is-potential-custom-element-name 107ms (cache miss)
191 silly packumentCache full:https://registry.npmjs.org/is-potential-custom-element-name set size:undefined disposed:false
192 silly fetch manifest linkify-it@^5.0.0
193 silly packumentCache full:https://registry.npmjs.org/linkify-it cache-miss
194 http fetch GET 200 https://registry.npmjs.org/argparse 104ms (cache miss)
195 silly packumentCache full:https://registry.npmjs.org/argparse set size:undefined disposed:false
196 silly fetch manifest mdurl@^2.0.0
197 silly packumentCache full:https://registry.npmjs.org/mdurl cache-miss
198 http fetch GET 200 https://registry.npmjs.org/entities 102ms (cache miss)
199 silly packumentCache full:https://registry.npmjs.org/entities set size:undefined disposed:false
200 silly fetch manifest punycode.js@^2.3.1
201 silly packumentCache full:https://registry.npmjs.org/punycode.js cache-miss
202 http fetch GET 200 https://registry.npmjs.org/linkify-it 105ms (cache miss)
203 silly packumentCache full:https://registry.npmjs.org/linkify-it set size:undefined disposed:false
204 silly fetch manifest uc.micro@^2.1.0
205 silly packumentCache full:https://registry.npmjs.org/uc.micro cache-miss
206 http fetch GET 200 https://registry.npmjs.org/mdurl 101ms (cache miss)
207 silly packumentCache full:https://registry.npmjs.org/mdurl set size:undefined disposed:false
208 http fetch GET 200 https://registry.npmjs.org/punycode.js 85ms (cache miss)
209 silly packumentCache full:https://registry.npmjs.org/punycode.js set size:undefined disposed:false
210 http fetch GET 200 https://registry.npmjs.org/uc.micro 72ms (cache miss)
211 silly packumentCache full:https://registry.npmjs.org/uc.micro set size:undefined disposed:false
212 silly placeDep ROOT @nodelib/fs.stat@2.0.5 OK for: fast-glob@3.3.3 want: ^2.0.2
213 silly placeDep ROOT @nodelib/fs.walk@1.2.8 OK for: fast-glob@3.3.3 want: ^1.2.3
214 silly placeDep ROOT glob-parent@5.1.2 OK for: fast-glob@3.3.3 want: ^5.1.2
215 silly placeDep ROOT merge2@1.4.1 OK for: fast-glob@3.3.3 want: ^1.3.0
216 silly placeDep ROOT micromatch@4.0.8 OK for: fast-glob@3.3.3 want: ^4.0.8
217 silly fetch manifest fastq@^1.6.0
218 silly packumentCache full:https://registry.npmjs.org/fastq cache-miss
219 silly fetch manifest @nodelib/fs.scandir@2.1.5
220 silly packumentCache full:https://registry.npmjs.org/@nodelib%2ffs.scandir cache-miss
221 silly fetch manifest is-glob@^4.0.1
222 silly packumentCache full:https://registry.npmjs.org/is-glob cache-miss
223 http fetch GET 200 https://registry.npmjs.org/is-glob 93ms (cache miss)
224 silly packumentCache full:https://registry.npmjs.org/is-glob set size:undefined disposed:false
225 silly fetch manifest braces@^3.0.3
226 silly packumentCache full:https://registry.npmjs.org/braces cache-miss
227 http fetch GET 200 https://registry.npmjs.org/fastq 107ms (cache miss)
228 silly packumentCache full:https://registry.npmjs.org/fastq set size:undefined disposed:false
229 silly fetch manifest picomatch@^2.3.1
230 silly packumentCache full:https://registry.npmjs.org/picomatch cache-miss
231 http fetch GET 200 https://registry.npmjs.org/@nodelib%2ffs.scandir 145ms (cache miss)
232 silly packumentCache full:https://registry.npmjs.org/@nodelib%2ffs.scandir set size:undefined disposed:false
233 http fetch GET 200 https://registry.npmjs.org/braces 78ms (cache miss)
234 silly packumentCache full:https://registry.npmjs.org/braces set size:undefined disposed:false
235 http fetch GET 200 https://registry.npmjs.org/picomatch 83ms (cache miss)
236 silly packumentCache full:https://registry.npmjs.org/picomatch set size:undefined disposed:false
237 silly placeDep ROOT @nodelib/fs.scandir@2.1.5 OK for: @nodelib/fs.walk@1.2.8 want: 2.1.5
238 silly placeDep ROOT fastq@1.19.1 OK for: @nodelib/fs.walk@1.2.8 want: ^1.6.0
239 silly fetch manifest run-parallel@^1.1.9
240 silly packumentCache full:https://registry.npmjs.org/run-parallel cache-miss
241 silly fetch manifest reusify@^1.0.4
242 silly packumentCache full:https://registry.npmjs.org/reusify cache-miss
243 http fetch GET 200 https://registry.npmjs.org/run-parallel 85ms (cache miss)
244 silly packumentCache full:https://registry.npmjs.org/run-parallel set size:undefined disposed:false
245 http fetch GET 200 https://registry.npmjs.org/reusify 100ms (cache miss)
246 silly packumentCache full:https://registry.npmjs.org/reusify set size:undefined disposed:false
247 silly placeDep ROOT run-parallel@1.2.0 OK for: @nodelib/fs.scandir@2.1.5 want: ^1.1.9
248 silly fetch manifest queue-microtask@^1.2.2
249 silly packumentCache full:https://registry.npmjs.org/queue-microtask cache-miss
250 http fetch GET 200 https://registry.npmjs.org/queue-microtask 83ms (cache miss)
251 silly packumentCache full:https://registry.npmjs.org/queue-microtask set size:undefined disposed:false
252 silly placeDep ROOT reusify@1.1.0 OK for: fastq@1.19.1 want: ^1.0.4
253 silly placeDep ROOT is-glob@4.0.3 OK for: glob-parent@5.1.2 want: ^4.0.1
254 silly fetch manifest is-extglob@^2.1.1
255 silly packumentCache full:https://registry.npmjs.org/is-extglob cache-miss
256 http fetch GET 200 https://registry.npmjs.org/is-extglob 74ms (cache miss)
257 silly packumentCache full:https://registry.npmjs.org/is-extglob set size:undefined disposed:false
258 silly placeDep ROOT js-yaml@3.14.1 OK for: gray-matter@4.0.3 want: ^3.13.1
259 silly placeDep ROOT kind-of@6.0.3 OK for: gray-matter@4.0.3 want: ^6.0.2
260 silly placeDep ROOT section-matter@1.0.0 OK for: gray-matter@4.0.3 want: ^1.0.0
261 silly placeDep ROOT strip-bom-string@1.0.0 OK for: gray-matter@4.0.3 want: ^1.0.0
262 silly fetch manifest argparse@^1.0.7
263 silly packumentCache full:https://registry.npmjs.org/argparse cache-miss
264 silly fetch manifest esprima@^4.0.0
265 silly packumentCache full:https://registry.npmjs.org/esprima cache-miss
266 silly fetch manifest extend-shallow@^2.0.1
267 silly packumentCache full:https://registry.npmjs.org/extend-shallow cache-miss
268 http fetch GET 200 https://registry.npmjs.org/argparse 11ms (cache hit)
269 silly packumentCache full:https://registry.npmjs.org/argparse set size:49266 disposed:false
270 http fetch GET 200 https://registry.npmjs.org/extend-shallow 103ms (cache miss)
271 silly packumentCache full:https://registry.npmjs.org/extend-shallow set size:undefined disposed:false
272 http fetch GET 200 https://registry.npmjs.org/esprima 104ms (cache miss)
273 silly packumentCache full:https://registry.npmjs.org/esprima set size:undefined disposed:false
274 silly placeDep ROOT is-extglob@2.1.1 OK for: is-glob@4.0.3 want: ^2.1.1
275 silly placeDep ROOT argparse@1.0.10 OK for: js-yaml@3.14.1 want: ^1.0.7
276 silly placeDep ROOT esprima@4.0.1 OK for: js-yaml@3.14.1 want: ^4.0.0
277 silly fetch manifest sprintf-js@~1.0.2
278 silly packumentCache full:https://registry.npmjs.org/sprintf-js cache-miss
279 http fetch GET 200 https://registry.npmjs.org/sprintf-js 67ms (cache miss)
280 silly packumentCache full:https://registry.npmjs.org/sprintf-js set size:undefined disposed:false
281 silly placeDep ROOT sprintf-js@1.0.3 OK for: argparse@1.0.10 want: ~1.0.2
282 silly fetch manifest bufferutil@^4.0.1
283 silly packumentCache full:https://registry.npmjs.org/bufferutil cache-miss
284 http fetch GET 200 https://registry.npmjs.org/bufferutil 85ms (cache miss)
285 silly packumentCache full:https://registry.npmjs.org/bufferutil set size:undefined disposed:false
286 silly fetch manifest utf-8-validate@>=5.0.2
287 silly packumentCache full:https://registry.npmjs.org/utf-8-validate cache-miss
288 http fetch GET 200 https://registry.npmjs.org/utf-8-validate 73ms (cache miss)
289 silly packumentCache full:https://registry.npmjs.org/utf-8-validate set size:undefined disposed:false
290 silly placeDep ROOT cssstyle@4.6.0 OK for: jsdom@24.1.3 want: ^4.0.1
291 silly placeDep ROOT data-urls@5.0.0 OK for: jsdom@24.1.3 want: ^5.0.0
292 silly placeDep ROOT decimal.js@10.6.0 OK for: jsdom@24.1.3 want: ^10.4.3
293 silly placeDep ROOT form-data@4.0.4 OK for: jsdom@24.1.3 want: ^4.0.0
294 silly placeDep ROOT html-encoding-sniffer@4.0.0 OK for: jsdom@24.1.3 want: ^4.0.0
295 silly placeDep ROOT http-proxy-agent@7.0.2 OK for: jsdom@24.1.3 want: ^7.0.2
296 silly placeDep ROOT https-proxy-agent@7.0.6 OK for: jsdom@24.1.3 want: ^7.0.5
297 silly placeDep ROOT is-potential-custom-element-name@1.0.1 OK for: jsdom@24.1.3 want: ^1.0.1
298 silly placeDep ROOT nwsapi@2.2.21 OK for: jsdom@24.1.3 want: ^2.2.12
299 silly placeDep ROOT parse5@7.3.0 OK for: jsdom@24.1.3 want: ^7.1.2
300 silly placeDep ROOT rrweb-cssom@0.7.1 OK for: jsdom@24.1.3 want: ^0.7.1
301 silly placeDep ROOT saxes@6.0.0 OK for: jsdom@24.1.3 want: ^6.0.0
302 silly placeDep ROOT symbol-tree@3.2.4 OK for: jsdom@24.1.3 want: ^3.2.4
303 silly placeDep ROOT tough-cookie@4.1.4 OK for: jsdom@24.1.3 want: ^4.1.4
304 silly placeDep ROOT w3c-xmlserializer@5.0.0 OK for: jsdom@24.1.3 want: ^5.0.0
305 silly placeDep ROOT webidl-conversions@7.0.0 OK for: jsdom@24.1.3 want: ^7.0.0
306 silly placeDep ROOT whatwg-encoding@3.1.1 OK for: jsdom@24.1.3 want: ^3.1.1
307 silly placeDep ROOT whatwg-mimetype@4.0.0 OK for: jsdom@24.1.3 want: ^4.0.0
308 silly placeDep ROOT whatwg-url@14.2.0 OK for: jsdom@24.1.3 want: ^14.0.0
309 silly placeDep ROOT ws@8.18.3 OK for: jsdom@24.1.3 want: ^8.18.0
310 silly placeDep ROOT xml-name-validator@5.0.0 OK for: jsdom@24.1.3 want: ^5.0.0
311 silly fetch manifest rrweb-cssom@^0.8.0
312 silly packumentCache full:https://registry.npmjs.org/rrweb-cssom cache-miss
313 silly fetch manifest @asamuzakjp/css-color@^3.2.0
314 silly packumentCache full:https://registry.npmjs.org/@asamuzakjp%2fcss-color cache-miss
315 silly fetch manifest hasown@^2.0.2
316 silly packumentCache full:https://registry.npmjs.org/hasown cache-miss
317 http fetch GET 200 https://registry.npmjs.org/rrweb-cssom 6ms (cache hit)
318 silly packumentCache full:https://registry.npmjs.org/rrweb-cssom set size:10104 disposed:false
319 silly fetch manifest asynckit@^0.4.0
320 silly packumentCache full:https://registry.npmjs.org/asynckit cache-miss
321 http fetch GET 200 https://registry.npmjs.org/hasown 99ms (cache miss)
322 silly packumentCache full:https://registry.npmjs.org/hasown set size:undefined disposed:false
323 silly fetch manifest mime-types@^2.1.12
324 silly packumentCache full:https://registry.npmjs.org/mime-types cache-miss
325 http fetch GET 200 https://registry.npmjs.org/asynckit 132ms (cache miss)
326 silly packumentCache full:https://registry.npmjs.org/asynckit set size:undefined disposed:false
327 silly fetch manifest combined-stream@^1.0.8
328 silly packumentCache full:https://registry.npmjs.org/combined-stream cache-miss
329 http fetch GET 200 https://registry.npmjs.org/@asamuzakjp%2fcss-color 144ms (cache miss)
330 silly packumentCache full:https://registry.npmjs.org/@asamuzakjp%2fcss-color set size:undefined disposed:false
331 silly fetch manifest es-set-tostringtag@^2.1.0
332 silly packumentCache full:https://registry.npmjs.org/es-set-tostringtag cache-miss
333 http fetch GET 200 https://registry.npmjs.org/mime-types 82ms (cache miss)
334 silly packumentCache full:https://registry.npmjs.org/mime-types set size:undefined disposed:false
335 silly fetch manifest agent-base@^7.1.0
336 silly packumentCache full:https://registry.npmjs.org/agent-base cache-miss
337 http fetch GET 200 https://registry.npmjs.org/es-set-tostringtag 96ms (cache miss)
338 silly packumentCache full:https://registry.npmjs.org/es-set-tostringtag set size:undefined disposed:false
339 silly fetch manifest debug@^4.3.4
340 silly packumentCache full:https://registry.npmjs.org/debug cache-miss
341 http fetch GET 200 https://registry.npmjs.org/combined-stream 108ms (cache miss)
342 silly packumentCache full:https://registry.npmjs.org/combined-stream set size:undefined disposed:false
343 silly fetch manifest agent-base@^7.1.2
344 silly packumentCache full:https://registry.npmjs.org/agent-base cache-miss
345 http fetch GET 200 https://registry.npmjs.org/agent-base 88ms (cache miss)
346 silly packumentCache full:https://registry.npmjs.org/agent-base set size:undefined disposed:false
347 silly fetch manifest debug@4
348 silly packumentCache full:https://registry.npmjs.org/debug cache-miss
349 http fetch GET 200 https://registry.npmjs.org/debug 99ms (cache miss)
350 silly packumentCache full:https://registry.npmjs.org/debug set size:undefined disposed:false
351 silly fetch manifest entities@^6.0.0
352 silly packumentCache full:https://registry.npmjs.org/entities cache-miss
353 http fetch GET 200 https://registry.npmjs.org/agent-base 97ms (cache miss)
354 silly packumentCache full:https://registry.npmjs.org/agent-base set size:undefined disposed:false
355 silly fetch manifest xmlchars@^2.2.0
356 silly packumentCache full:https://registry.npmjs.org/xmlchars cache-miss
357 http fetch GET 200 https://registry.npmjs.org/entities 7ms (cache hit)
358 silly packumentCache full:https://registry.npmjs.org/entities set size:91413 disposed:false
359 silly fetch manifest psl@^1.1.33
360 silly packumentCache full:https://registry.npmjs.org/psl cache-miss
361 http fetch GET 200 https://registry.npmjs.org/debug 87ms (cache miss)
362 silly packumentCache full:https://registry.npmjs.org/debug set size:undefined disposed:false
363 silly fetch manifest punycode@^2.1.1
364 silly packumentCache full:https://registry.npmjs.org/punycode cache-miss
365 http fetch GET 200 https://registry.npmjs.org/xmlchars 113ms (cache miss)
366 silly packumentCache full:https://registry.npmjs.org/xmlchars set size:undefined disposed:false
367 silly fetch manifest url-parse@^1.5.3
368 silly packumentCache full:https://registry.npmjs.org/url-parse cache-miss
369 http fetch GET 200 https://registry.npmjs.org/psl 119ms (cache miss)
370 silly packumentCache full:https://registry.npmjs.org/psl set size:undefined disposed:false
371 silly fetch manifest universalify@^0.2.0
372 silly packumentCache full:https://registry.npmjs.org/universalify cache-miss
373 http fetch GET 200 https://registry.npmjs.org/punycode 120ms (cache miss)
374 silly packumentCache full:https://registry.npmjs.org/punycode set size:undefined disposed:false
375 silly fetch manifest iconv-lite@0.6.3
376 silly packumentCache full:https://registry.npmjs.org/iconv-lite cache-miss
377 http fetch GET 200 https://registry.npmjs.org/universalify 111ms (cache miss)
378 silly packumentCache full:https://registry.npmjs.org/universalify set size:undefined disposed:false
379 silly fetch manifest tr46@^5.1.0
380 silly packumentCache full:https://registry.npmjs.org/tr46 cache-miss
381 http fetch GET 200 https://registry.npmjs.org/iconv-lite 117ms (cache miss)
382 silly packumentCache full:https://registry.npmjs.org/iconv-lite set size:undefined disposed:false
383 http fetch GET 200 https://registry.npmjs.org/tr46 68ms (cache miss)
384 silly packumentCache full:https://registry.npmjs.org/tr46 set size:undefined disposed:false
385 http fetch GET 200 https://registry.npmjs.org/url-parse 223ms (cache miss)
386 silly packumentCache full:https://registry.npmjs.org/url-parse set size:undefined disposed:false
387 silly placeDep ROOT @asamuzakjp/css-color@3.2.0 OK for: cssstyle@4.6.0 want: ^3.2.0
388 silly placeDep node_modules/cssstyle rrweb-cssom@0.8.0 OK for: cssstyle@4.6.0 want: ^0.8.0
389 silly fetch manifest lru-cache@^10.4.3
390 silly packumentCache full:https://registry.npmjs.org/lru-cache cache-miss
391 silly fetch manifest @csstools/css-calc@^2.1.3
392 silly packumentCache full:https://registry.npmjs.org/@csstools%2fcss-calc cache-miss
393 silly fetch manifest @csstools/css-tokenizer@^3.0.3
394 silly packumentCache full:https://registry.npmjs.org/@csstools%2fcss-tokenizer cache-miss
395 http fetch GET 200 https://registry.npmjs.org/lru-cache 109ms (cache miss)
396 silly packumentCache full:https://registry.npmjs.org/lru-cache set size:undefined disposed:false
397 silly fetch manifest @csstools/css-color-parser@^3.0.9
398 silly packumentCache full:https://registry.npmjs.org/@csstools%2fcss-color-parser cache-miss
399 http fetch GET 200 https://registry.npmjs.org/@csstools%2fcss-tokenizer 151ms (cache miss)
400 silly packumentCache full:https://registry.npmjs.org/@csstools%2fcss-tokenizer set size:undefined disposed:false
401 silly fetch manifest @csstools/css-parser-algorithms@^3.0.4
402 silly packumentCache full:https://registry.npmjs.org/@csstools%2fcss-parser-algorithms cache-miss
403 http fetch GET 200 https://registry.npmjs.org/@csstools%2fcss-calc 156ms (cache miss)
404 silly packumentCache full:https://registry.npmjs.org/@csstools%2fcss-calc set size:undefined disposed:false
405 http fetch GET 200 https://registry.npmjs.org/@csstools%2fcss-color-parser 85ms (cache miss)
406 silly packumentCache full:https://registry.npmjs.org/@csstools%2fcss-color-parser set size:undefined disposed:false
407 http fetch GET 200 https://registry.npmjs.org/@csstools%2fcss-parser-algorithms 93ms (cache miss)
408 silly packumentCache full:https://registry.npmjs.org/@csstools%2fcss-parser-algorithms set size:undefined disposed:false
409 silly placeDep ROOT @csstools/css-calc@2.1.4 OK for: @asamuzakjp/css-color@3.2.0 want: ^2.1.3
410 silly placeDep ROOT @csstools/css-parser-algorithms@3.0.5 OK for: @csstools/css-calc@2.1.4 want: ^3.0.5
411 silly placeDep ROOT @csstools/css-tokenizer@3.0.4 OK for: @csstools/css-parser-algorithms@3.0.5 want: ^3.0.4
412 silly placeDep ROOT @csstools/css-color-parser@3.1.0 OK for: @asamuzakjp/css-color@3.2.0 want: ^3.0.9
413 silly placeDep ROOT lru-cache@10.4.3 OK for: @asamuzakjp/css-color@3.2.0 want: ^10.4.3
414 silly fetch manifest @csstools/color-helpers@^5.1.0
415 silly packumentCache full:https://registry.npmjs.org/@csstools%2fcolor-helpers cache-miss
416 http fetch GET 200 https://registry.npmjs.org/@csstools%2fcolor-helpers 72ms (cache miss)
417 silly packumentCache full:https://registry.npmjs.org/@csstools%2fcolor-helpers set size:undefined disposed:false
418 silly placeDep ROOT @csstools/color-helpers@5.1.0 OK for: @csstools/css-color-parser@3.1.0 want: ^5.1.0
419 silly placeDep ROOT asynckit@0.4.0 OK for: form-data@4.0.4 want: ^0.4.0
420 silly placeDep ROOT combined-stream@1.0.8 OK for: form-data@4.0.4 want: ^1.0.8
421 silly placeDep ROOT es-set-tostringtag@2.1.0 OK for: form-data@4.0.4 want: ^2.1.0
422 silly placeDep ROOT hasown@2.0.2 OK for: form-data@4.0.4 want: ^2.0.2
423 silly placeDep ROOT mime-types@2.1.35 OK for: form-data@4.0.4 want: ^2.1.12
424 silly fetch manifest delayed-stream@~1.0.0
425 silly packumentCache full:https://registry.npmjs.org/delayed-stream cache-miss
426 silly fetch manifest es-errors@^1.3.0
427 silly packumentCache full:https://registry.npmjs.org/es-errors cache-miss
428 silly fetch manifest get-intrinsic@^1.2.6
429 silly packumentCache full:https://registry.npmjs.org/get-intrinsic cache-miss
430 http fetch GET 200 https://registry.npmjs.org/delayed-stream 92ms (cache miss)
431 silly packumentCache full:https://registry.npmjs.org/delayed-stream set size:undefined disposed:false
432 silly fetch manifest has-tostringtag@^1.0.2
433 silly packumentCache full:https://registry.npmjs.org/has-tostringtag cache-miss
434 http fetch GET 200 https://registry.npmjs.org/es-errors 104ms (cache miss)
435 silly packumentCache full:https://registry.npmjs.org/es-errors set size:undefined disposed:false
436 silly fetch manifest function-bind@^1.1.2
437 silly packumentCache full:https://registry.npmjs.org/function-bind cache-miss
438 http fetch GET 200 https://registry.npmjs.org/get-intrinsic 122ms (cache miss)
439 silly packumentCache full:https://registry.npmjs.org/get-intrinsic set size:undefined disposed:false
440 silly fetch manifest mime-db@1.52.0
441 silly packumentCache full:https://registry.npmjs.org/mime-db cache-miss
442 http fetch GET 200 https://registry.npmjs.org/has-tostringtag 82ms (cache miss)
443 silly packumentCache full:https://registry.npmjs.org/has-tostringtag set size:undefined disposed:false
444 http fetch GET 200 https://registry.npmjs.org/function-bind 95ms (cache miss)
445 silly packumentCache full:https://registry.npmjs.org/function-bind set size:undefined disposed:false
446 http fetch GET 200 https://registry.npmjs.org/mime-db 100ms (cache miss)
447 silly packumentCache full:https://registry.npmjs.org/mime-db set size:undefined disposed:false
448 silly placeDep ROOT delayed-stream@1.0.0 OK for: combined-stream@1.0.8 want: ~1.0.0
449 silly placeDep ROOT es-errors@1.3.0 OK for: es-set-tostringtag@2.1.0 want: ^1.3.0
450 silly placeDep ROOT get-intrinsic@1.3.0 OK for: es-set-tostringtag@2.1.0 want: ^1.2.6
451 silly placeDep ROOT has-tostringtag@1.0.2 OK for: es-set-tostringtag@2.1.0 want: ^1.0.2
452 silly fetch manifest call-bind-apply-helpers@^1.0.2
453 silly packumentCache full:https://registry.npmjs.org/call-bind-apply-helpers cache-miss
454 silly fetch manifest es-define-property@^1.0.1
455 silly packumentCache full:https://registry.npmjs.org/es-define-property cache-miss
456 silly fetch manifest es-object-atoms@^1.1.1
457 silly packumentCache full:https://registry.npmjs.org/es-object-atoms cache-miss
458 http fetch GET 200 https://registry.npmjs.org/es-object-atoms 139ms (cache miss)
459 silly packumentCache full:https://registry.npmjs.org/es-object-atoms set size:undefined disposed:false
460 silly fetch manifest get-proto@^1.0.1
461 silly packumentCache full:https://registry.npmjs.org/get-proto cache-miss
462 http fetch GET 200 https://registry.npmjs.org/es-define-property 146ms (cache miss)
463 silly packumentCache full:https://registry.npmjs.org/es-define-property set size:undefined disposed:false
464 silly fetch manifest gopd@^1.2.0
465 silly packumentCache full:https://registry.npmjs.org/gopd cache-miss
466 http fetch GET 200 https://registry.npmjs.org/call-bind-apply-helpers 148ms (cache miss)
467 silly packumentCache full:https://registry.npmjs.org/call-bind-apply-helpers set size:undefined disposed:false
468 silly fetch manifest has-symbols@^1.1.0
469 silly packumentCache full:https://registry.npmjs.org/has-symbols cache-miss
470 http fetch GET 200 https://registry.npmjs.org/get-proto 102ms (cache miss)
471 silly packumentCache full:https://registry.npmjs.org/get-proto set size:undefined disposed:false
472 silly fetch manifest math-intrinsics@^1.1.0
473 silly packumentCache full:https://registry.npmjs.org/math-intrinsics cache-miss
474 http fetch GET 200 https://registry.npmjs.org/gopd 104ms (cache miss)
475 silly packumentCache full:https://registry.npmjs.org/gopd set size:undefined disposed:false
476 silly fetch manifest has-symbols@^1.0.3
477 silly packumentCache full:https://registry.npmjs.org/has-symbols cache-miss
478 http fetch GET 200 https://registry.npmjs.org/has-symbols 115ms (cache miss)
479 silly packumentCache full:https://registry.npmjs.org/has-symbols set size:undefined disposed:false
480 http fetch GET 200 https://registry.npmjs.org/math-intrinsics 73ms (cache miss)
481 silly packumentCache full:https://registry.npmjs.org/math-intrinsics set size:undefined disposed:false
482 http fetch GET 200 https://registry.npmjs.org/has-symbols 89ms (cache miss)
483 silly packumentCache full:https://registry.npmjs.org/has-symbols set size:undefined disposed:false
484 silly placeDep ROOT call-bind-apply-helpers@1.0.2 OK for: get-intrinsic@1.3.0 want: ^1.0.2
485 silly placeDep ROOT es-define-property@1.0.1 OK for: get-intrinsic@1.3.0 want: ^1.0.1
486 silly placeDep ROOT es-object-atoms@1.1.1 OK for: get-intrinsic@1.3.0 want: ^1.1.1
487 silly placeDep ROOT function-bind@1.1.2 OK for: get-intrinsic@1.3.0 want: ^1.1.2
488 silly placeDep ROOT get-proto@1.0.1 OK for: get-intrinsic@1.3.0 want: ^1.0.1
489 silly placeDep ROOT gopd@1.2.0 OK for: get-intrinsic@1.3.0 want: ^1.2.0
490 silly placeDep ROOT has-symbols@1.1.0 OK for: get-intrinsic@1.3.0 want: ^1.1.0
491 silly placeDep ROOT math-intrinsics@1.1.0 OK for: get-intrinsic@1.3.0 want: ^1.1.0
492 silly fetch manifest dunder-proto@^1.0.1
493 silly packumentCache full:https://registry.npmjs.org/dunder-proto cache-miss
494 http fetch GET 200 https://registry.npmjs.org/dunder-proto 76ms (cache miss)
495 silly packumentCache full:https://registry.npmjs.org/dunder-proto set size:undefined disposed:false
496 silly placeDep ROOT dunder-proto@1.0.1 OK for: get-proto@1.0.1 want: ^1.0.1
497 silly placeDep ROOT agent-base@7.1.4 OK for: http-proxy-agent@7.0.2 want: ^7.1.0
498 silly placeDep ROOT debug@4.4.1 OK for: http-proxy-agent@7.0.2 want: ^4.3.4
499 silly fetch manifest ms@^2.1.3
500 silly packumentCache full:https://registry.npmjs.org/ms cache-miss
501 http fetch GET 200 https://registry.npmjs.org/ms 76ms (cache miss)
502 silly packumentCache full:https://registry.npmjs.org/ms set size:undefined disposed:false
503 silly placeDep ROOT ms@2.1.3 OK for: debug@4.4.1 want: ^2.1.3
504 silly placeDep node_modules/markdown-it argparse@2.0.1 OK for: markdown-it@14.1.0 want: ^2.0.1
505 silly placeDep ROOT entities@4.5.0 OK for: markdown-it@14.1.0 want: ^4.4.0
506 silly placeDep ROOT linkify-it@5.0.0 OK for: markdown-it@14.1.0 want: ^5.0.0
507 silly placeDep ROOT mdurl@2.0.0 OK for: markdown-it@14.1.0 want: ^2.0.0
508 silly placeDep ROOT punycode.js@2.3.1 OK for: markdown-it@14.1.0 want: ^2.3.1
509 silly placeDep ROOT uc.micro@2.1.0 OK for: markdown-it@14.1.0 want: ^2.1.0
510 silly fetch manifest uc.micro@^2.0.0
511 silly packumentCache full:https://registry.npmjs.org/uc.micro cache-miss
512 http fetch GET 200 https://registry.npmjs.org/uc.micro 2ms (cache hit)
513 silly packumentCache full:https://registry.npmjs.org/uc.micro set size:16457 disposed:false
514 silly placeDep ROOT braces@3.0.3 OK for: micromatch@4.0.8 want: ^3.0.3
515 silly placeDep ROOT picomatch@2.3.1 OK for: micromatch@4.0.8 want: ^2.3.1
516 silly fetch manifest fill-range@^7.1.1
517 silly packumentCache full:https://registry.npmjs.org/fill-range cache-miss
518 http fetch GET 200 https://registry.npmjs.org/fill-range 74ms (cache miss)
519 silly packumentCache full:https://registry.npmjs.org/fill-range set size:undefined disposed:false
520 silly placeDep ROOT fill-range@7.1.1 OK for: braces@3.0.3 want: ^7.1.1
521 silly fetch manifest to-regex-range@^5.0.1
522 silly packumentCache full:https://registry.npmjs.org/to-regex-range cache-miss
523 http fetch GET 200 https://registry.npmjs.org/to-regex-range 71ms (cache miss)
524 silly packumentCache full:https://registry.npmjs.org/to-regex-range set size:undefined disposed:false
525 silly placeDep ROOT to-regex-range@5.0.1 OK for: fill-range@7.1.1 want: ^5.0.1
526 silly fetch manifest is-number@^7.0.0
527 silly packumentCache full:https://registry.npmjs.org/is-number cache-miss
528 http fetch GET 200 https://registry.npmjs.org/is-number 70ms (cache miss)
529 silly packumentCache full:https://registry.npmjs.org/is-number set size:undefined disposed:false
530 silly placeDep ROOT mime-db@1.52.0 OK for: mime-types@2.1.35 want: 1.52.0
531 silly placeDep node_modules/parse5 entities@6.0.1 OK for: parse5@7.3.0 want: ^6.0.0
532 silly placeDep ROOT queue-microtask@1.2.3 OK for: run-parallel@1.2.0 want: ^1.2.2
533 silly placeDep ROOT xmlchars@2.2.0 OK for: saxes@6.0.0 want: ^2.2.0
534 silly placeDep ROOT extend-shallow@2.0.1 OK for: section-matter@1.0.0 want: ^2.0.1
535 silly fetch manifest is-extendable@^0.1.0
536 silly packumentCache full:https://registry.npmjs.org/is-extendable cache-miss
537 http fetch GET 200 https://registry.npmjs.org/is-extendable 65ms (cache miss)
538 silly packumentCache full:https://registry.npmjs.org/is-extendable set size:undefined disposed:false
539 silly placeDep ROOT is-extendable@0.1.1 OK for: extend-shallow@2.0.1 want: ^0.1.0
540 silly placeDep ROOT is-number@7.0.0 OK for: to-regex-range@5.0.1 want: ^7.0.0
541 silly placeDep ROOT psl@1.15.0 OK for: tough-cookie@4.1.4 want: ^1.1.33
542 silly placeDep ROOT punycode@2.3.1 OK for: tough-cookie@4.1.4 want: ^2.1.1
543 silly placeDep ROOT universalify@0.2.0 OK for: tough-cookie@4.1.4 want: ^0.2.0
544 silly placeDep ROOT url-parse@1.5.10 OK for: tough-cookie@4.1.4 want: ^1.5.3
545 silly fetch manifest punycode@^2.3.1
546 silly packumentCache full:https://registry.npmjs.org/punycode cache-miss
547 silly fetch manifest querystringify@^2.1.1
548 silly packumentCache full:https://registry.npmjs.org/querystringify cache-miss
549 silly fetch manifest requires-port@^1.0.0
550 silly packumentCache full:https://registry.npmjs.org/requires-port cache-miss
551 http fetch GET 200 https://registry.npmjs.org/punycode 11ms (cache hit)
552 silly packumentCache full:https://registry.npmjs.org/punycode set size:61302 disposed:false
553 http fetch GET 200 https://registry.npmjs.org/querystringify 81ms (cache miss)
554 silly packumentCache full:https://registry.npmjs.org/querystringify set size:undefined disposed:false
555 http fetch GET 200 https://registry.npmjs.org/requires-port 86ms (cache miss)
556 silly packumentCache full:https://registry.npmjs.org/requires-port set size:undefined disposed:false
557 silly placeDep ROOT querystringify@2.2.0 OK for: url-parse@1.5.10 want: ^2.1.1
558 silly placeDep ROOT requires-port@1.0.0 OK for: url-parse@1.5.10 want: ^1.0.0
559 silly placeDep ROOT iconv-lite@0.6.3 OK for: whatwg-encoding@3.1.1 want: 0.6.3
560 silly fetch manifest safer-buffer@>= 2.1.2 < 3.0.0
561 silly packumentCache full:https://registry.npmjs.org/safer-buffer cache-miss
562 http fetch GET 200 https://registry.npmjs.org/safer-buffer 88ms (cache miss)
563 silly packumentCache full:https://registry.npmjs.org/safer-buffer set size:undefined disposed:false
564 silly placeDep ROOT safer-buffer@2.1.2 OK for: iconv-lite@0.6.3 want: >= 2.1.2 < 3.0.0
565 silly placeDep ROOT tr46@5.1.1 OK for: whatwg-url@14.2.0 want: ^5.1.0
566 silly reify moves {}
567 silly tarball no local data for tr46@https://registry.npmjs.org/tr46/-/tr46-5.1.1.tgz. Extracting by manifest.
568 silly tarball no local data for safer-buffer@https://registry.npmjs.org/safer-buffer/-/safer-buffer-2.1.2.tgz. Extracting by manifest.
569 silly tarball no local data for iconv-lite@https://registry.npmjs.org/iconv-lite/-/iconv-lite-0.6.3.tgz. Extracting by manifest.
570 silly tarball no local data for requires-port@https://registry.npmjs.org/requires-port/-/requires-port-1.0.0.tgz. Extracting by manifest.
571 silly tarball no local data for url-parse@https://registry.npmjs.org/url-parse/-/url-parse-1.5.10.tgz. Extracting by manifest.
572 silly tarball no local data for querystringify@https://registry.npmjs.org/querystringify/-/querystringify-2.2.0.tgz. Extracting by manifest.
573 silly tarball no local data for universalify@https://registry.npmjs.org/universalify/-/universalify-0.2.0.tgz. Extracting by manifest.
574 silly tarball no local data for psl@https://registry.npmjs.org/psl/-/psl-1.15.0.tgz. Extracting by manifest.
575 silly tarball no local data for punycode@https://registry.npmjs.org/punycode/-/punycode-2.3.1.tgz. Extracting by manifest.
576 silly tarball no local data for is-number@https://registry.npmjs.org/is-number/-/is-number-7.0.0.tgz. Extracting by manifest.
577 silly tarball no local data for is-extendable@https://registry.npmjs.org/is-extendable/-/is-extendable-0.1.1.tgz. Extracting by manifest.
578 silly tarball no local data for extend-shallow@https://registry.npmjs.org/extend-shallow/-/extend-shallow-2.0.1.tgz. Extracting by manifest.
579 silly tarball no local data for xmlchars@https://registry.npmjs.org/xmlchars/-/xmlchars-2.2.0.tgz. Extracting by manifest.
580 silly tarball no local data for queue-microtask@https://registry.npmjs.org/queue-microtask/-/queue-microtask-1.2.3.tgz. Extracting by manifest.
581 silly tarball no local data for mime-db@https://registry.npmjs.org/mime-db/-/mime-db-1.52.0.tgz. Extracting by manifest.
582 silly tarball no local data for to-regex-range@https://registry.npmjs.org/to-regex-range/-/to-regex-range-5.0.1.tgz. Extracting by manifest.
583 silly tarball no local data for fill-range@https://registry.npmjs.org/fill-range/-/fill-range-7.1.1.tgz. Extracting by manifest.
584 silly tarball no local data for picomatch@https://registry.npmjs.org/picomatch/-/picomatch-2.3.1.tgz. Extracting by manifest.
585 silly tarball no local data for braces@https://registry.npmjs.org/braces/-/braces-3.0.3.tgz. Extracting by manifest.
586 silly tarball no local data for uc.micro@https://registry.npmjs.org/uc.micro/-/uc.micro-2.1.0.tgz. Extracting by manifest.
587 silly tarball no local data for punycode.js@https://registry.npmjs.org/punycode.js/-/punycode.js-2.3.1.tgz. Extracting by manifest.
588 silly tarball no local data for mdurl@https://registry.npmjs.org/mdurl/-/mdurl-2.0.0.tgz. Extracting by manifest.
589 silly tarball no local data for linkify-it@https://registry.npmjs.org/linkify-it/-/linkify-it-5.0.0.tgz. Extracting by manifest.
590 silly tarball no local data for entities@https://registry.npmjs.org/entities/-/entities-4.5.0.tgz. Extracting by manifest.
591 silly tarball no local data for ms@https://registry.npmjs.org/ms/-/ms-2.1.3.tgz. Extracting by manifest.
592 silly tarball no local data for debug@https://registry.npmjs.org/debug/-/debug-4.4.1.tgz. Extracting by manifest.
593 silly tarball no local data for agent-base@https://registry.npmjs.org/agent-base/-/agent-base-7.1.4.tgz. Extracting by manifest.
594 silly tarball no local data for dunder-proto@https://registry.npmjs.org/dunder-proto/-/dunder-proto-1.0.1.tgz. Extracting by manifest.
595 silly tarball no local data for math-intrinsics@https://registry.npmjs.org/math-intrinsics/-/math-intrinsics-1.1.0.tgz. Extracting by manifest.
596 silly tarball no local data for has-symbols@https://registry.npmjs.org/has-symbols/-/has-symbols-1.1.0.tgz. Extracting by manifest.
597 silly tarball no local data for get-proto@https://registry.npmjs.org/get-proto/-/get-proto-1.0.1.tgz. Extracting by manifest.
598 silly tarball no local data for gopd@https://registry.npmjs.org/gopd/-/gopd-1.2.0.tgz. Extracting by manifest.
599 silly tarball no local data for function-bind@https://registry.npmjs.org/function-bind/-/function-bind-1.1.2.tgz. Extracting by manifest.
600 silly tarball no local data for es-object-atoms@https://registry.npmjs.org/es-object-atoms/-/es-object-atoms-1.1.1.tgz. Extracting by manifest.
601 silly tarball no local data for call-bind-apply-helpers@https://registry.npmjs.org/call-bind-apply-helpers/-/call-bind-apply-helpers-1.0.2.tgz. Extracting by manifest.
602 silly tarball no local data for has-tostringtag@https://registry.npmjs.org/has-tostringtag/-/has-tostringtag-1.0.2.tgz. Extracting by manifest.
603 silly tarball no local data for get-intrinsic@https://registry.npmjs.org/get-intrinsic/-/get-intrinsic-1.3.0.tgz. Extracting by manifest.
604 silly tarball no local data for es-errors@https://registry.npmjs.org/es-errors/-/es-errors-1.3.0.tgz. Extracting by manifest.
605 silly tarball no local data for delayed-stream@https://registry.npmjs.org/delayed-stream/-/delayed-stream-1.0.0.tgz. Extracting by manifest.
606 silly tarball no local data for hasown@https://registry.npmjs.org/hasown/-/hasown-2.0.2.tgz. Extracting by manifest.
607 silly tarball no local data for mime-types@https://registry.npmjs.org/mime-types/-/mime-types-2.1.35.tgz. Extracting by manifest.
608 silly tarball no local data for es-set-tostringtag@https://registry.npmjs.org/es-set-tostringtag/-/es-set-tostringtag-2.1.0.tgz. Extracting by manifest.
609 silly tarball no local data for combined-stream@https://registry.npmjs.org/combined-stream/-/combined-stream-1.0.8.tgz. Extracting by manifest.
610 silly tarball no local data for asynckit@https://registry.npmjs.org/asynckit/-/asynckit-0.4.0.tgz. Extracting by manifest.
611 silly tarball no local data for @csstools/color-helpers@https://registry.npmjs.org/@csstools/color-helpers/-/color-helpers-5.1.0.tgz. Extracting by manifest.
612 silly tarball no local data for lru-cache@https://registry.npmjs.org/lru-cache/-/lru-cache-10.4.3.tgz. Extracting by manifest.
613 silly tarball no local data for @csstools/css-color-parser@https://registry.npmjs.org/@csstools/css-color-parser/-/css-color-parser-3.1.0.tgz. Extracting by manifest.
614 silly tarball no local data for @csstools/css-tokenizer@https://registry.npmjs.org/@csstools/css-tokenizer/-/css-tokenizer-3.0.4.tgz. Extracting by manifest.
615 silly tarball no local data for @csstools/css-parser-algorithms@https://registry.npmjs.org/@csstools/css-parser-algorithms/-/css-parser-algorithms-3.0.5.tgz. Extracting by manifest.
616 silly tarball no local data for @csstools/css-calc@https://registry.npmjs.org/@csstools/css-calc/-/css-calc-2.1.4.tgz. Extracting by manifest.
617 silly tarball no local data for @asamuzakjp/css-color@https://registry.npmjs.org/@asamuzakjp/css-color/-/css-color-3.2.0.tgz. Extracting by manifest.
618 silly tarball no local data for xml-name-validator@https://registry.npmjs.org/xml-name-validator/-/xml-name-validator-5.0.0.tgz. Extracting by manifest.
619 silly tarball no local data for whatwg-url@https://registry.npmjs.org/whatwg-url/-/whatwg-url-14.2.0.tgz. Extracting by manifest.
620 silly tarball no local data for ws@https://registry.npmjs.org/ws/-/ws-8.18.3.tgz. Extracting by manifest.
621 silly tarball no local data for whatwg-mimetype@https://registry.npmjs.org/whatwg-mimetype/-/whatwg-mimetype-4.0.0.tgz. Extracting by manifest.
622 silly tarball no local data for whatwg-encoding@https://registry.npmjs.org/whatwg-encoding/-/whatwg-encoding-3.1.1.tgz. Extracting by manifest.
623 silly tarball no local data for w3c-xmlserializer@https://registry.npmjs.org/w3c-xmlserializer/-/w3c-xmlserializer-5.0.0.tgz. Extracting by manifest.
624 silly tarball no local data for webidl-conversions@https://registry.npmjs.org/webidl-conversions/-/webidl-conversions-7.0.0.tgz. Extracting by manifest.
625 silly tarball no local data for tough-cookie@https://registry.npmjs.org/tough-cookie/-/tough-cookie-4.1.4.tgz. Extracting by manifest.
626 silly tarball no local data for symbol-tree@https://registry.npmjs.org/symbol-tree/-/symbol-tree-3.2.4.tgz. Extracting by manifest.
627 silly tarball no local data for saxes@https://registry.npmjs.org/saxes/-/saxes-6.0.0.tgz. Extracting by manifest.
628 silly tarball no local data for rrweb-cssom@https://registry.npmjs.org/rrweb-cssom/-/rrweb-cssom-0.7.1.tgz. Extracting by manifest.
629 silly tarball no local data for parse5@https://registry.npmjs.org/parse5/-/parse5-7.3.0.tgz. Extracting by manifest.
630 silly tarball no local data for nwsapi@https://registry.npmjs.org/nwsapi/-/nwsapi-2.2.21.tgz. Extracting by manifest.
631 silly tarball no local data for is-potential-custom-element-name@https://registry.npmjs.org/is-potential-custom-element-name/-/is-potential-custom-element-name-1.0.1.tgz. Extracting by manifest.
632 silly tarball no local data for https-proxy-agent@https://registry.npmjs.org/https-proxy-agent/-/https-proxy-agent-7.0.6.tgz. Extracting by manifest.
633 silly tarball no local data for html-encoding-sniffer@https://registry.npmjs.org/html-encoding-sniffer/-/html-encoding-sniffer-4.0.0.tgz. Extracting by manifest.
634 silly tarball no local data for http-proxy-agent@https://registry.npmjs.org/http-proxy-agent/-/http-proxy-agent-7.0.2.tgz. Extracting by manifest.
635 silly tarball no local data for form-data@https://registry.npmjs.org/form-data/-/form-data-4.0.4.tgz. Extracting by manifest.
636 silly tarball no local data for decimal.js@https://registry.npmjs.org/decimal.js/-/decimal.js-10.6.0.tgz. Extracting by manifest.
637 silly tarball no local data for data-urls@https://registry.npmjs.org/data-urls/-/data-urls-5.0.0.tgz. Extracting by manifest.
638 silly tarball no local data for cssstyle@https://registry.npmjs.org/cssstyle/-/cssstyle-4.6.0.tgz. Extracting by manifest.
639 silly tarball no local data for sprintf-js@https://registry.npmjs.org/sprintf-js/-/sprintf-js-1.0.3.tgz. Extracting by manifest.
640 silly tarball no local data for esprima@https://registry.npmjs.org/esprima/-/esprima-4.0.1.tgz. Extracting by manifest.
641 silly tarball no local data for argparse@https://registry.npmjs.org/argparse/-/argparse-1.0.10.tgz. Extracting by manifest.
642 silly tarball no local data for is-extglob@https://registry.npmjs.org/is-extglob/-/is-extglob-2.1.1.tgz. Extracting by manifest.
643 silly tarball no local data for section-matter@https://registry.npmjs.org/section-matter/-/section-matter-1.0.0.tgz. Extracting by manifest.
644 silly tarball no local data for strip-bom-string@https://registry.npmjs.org/strip-bom-string/-/strip-bom-string-1.0.0.tgz. Extracting by manifest.
645 silly tarball no local data for kind-of@https://registry.npmjs.org/kind-of/-/kind-of-6.0.3.tgz. Extracting by manifest.
646 silly tarball no local data for js-yaml@https://registry.npmjs.org/js-yaml/-/js-yaml-3.14.1.tgz. Extracting by manifest.
647 silly tarball no local data for reusify@https://registry.npmjs.org/reusify/-/reusify-1.1.0.tgz. Extracting by manifest.
648 silly tarball no local data for is-glob@https://registry.npmjs.org/is-glob/-/is-glob-4.0.3.tgz. Extracting by manifest.
649 silly tarball no local data for run-parallel@https://registry.npmjs.org/run-parallel/-/run-parallel-1.2.0.tgz. Extracting by manifest.
650 silly tarball no local data for fastq@https://registry.npmjs.org/fastq/-/fastq-1.19.1.tgz. Extracting by manifest.
651 silly tarball no local data for @nodelib/fs.scandir@https://registry.npmjs.org/@nodelib/fs.scandir/-/fs.scandir-2.1.5.tgz. Extracting by manifest.
652 silly tarball no local data for micromatch@https://registry.npmjs.org/micromatch/-/micromatch-4.0.8.tgz. Extracting by manifest.
653 silly tarball no local data for merge2@https://registry.npmjs.org/merge2/-/merge2-1.4.1.tgz. Extracting by manifest.
654 silly tarball no local data for glob-parent@https://registry.npmjs.org/glob-parent/-/glob-parent-5.1.2.tgz. Extracting by manifest.
655 silly tarball no local data for @nodelib/fs.walk@https://registry.npmjs.org/@nodelib/fs.walk/-/fs.walk-1.2.8.tgz. Extracting by manifest.
656 silly tarball no local data for @nodelib/fs.stat@https://registry.npmjs.org/@nodelib/fs.stat/-/fs.stat-2.0.5.tgz. Extracting by manifest.
657 silly tarball no local data for yaml@https://registry.npmjs.org/yaml/-/yaml-2.8.1.tgz. Extracting by manifest.
658 silly tarball no local data for prettier@https://registry.npmjs.org/prettier/-/prettier-3.6.2.tgz. Extracting by manifest.
659 silly tarball no local data for marked@https://registry.npmjs.org/marked/-/marked-12.0.2.tgz. Extracting by manifest.
660 silly tarball no local data for markdown-it-footnote@https://registry.npmjs.org/markdown-it-footnote/-/markdown-it-footnote-4.0.0.tgz. Extracting by manifest.
661 silly tarball no local data for markdown-it@https://registry.npmjs.org/markdown-it/-/markdown-it-14.1.0.tgz. Extracting by manifest.
662 silly tarball no local data for markdown-it-deflist@https://registry.npmjs.org/markdown-it-deflist/-/markdown-it-deflist-3.0.0.tgz. Extracting by manifest.
663 silly tarball no local data for jsdom@https://registry.npmjs.org/jsdom/-/jsdom-24.1.3.tgz. Extracting by manifest.
664 silly tarball no local data for gray-matter@https://registry.npmjs.org/gray-matter/-/gray-matter-4.0.3.tgz. Extracting by manifest.
665 silly tarball no local data for fast-glob@https://registry.npmjs.org/fast-glob/-/fast-glob-3.3.3.tgz. Extracting by manifest.
666 silly tarball no local data for entities@https://registry.npmjs.org/entities/-/entities-6.0.1.tgz. Extracting by manifest.
667 silly tarball no local data for commander@https://registry.npmjs.org/commander/-/commander-14.0.0.tgz. Extracting by manifest.
668 silly tarball no local data for rrweb-cssom@https://registry.npmjs.org/rrweb-cssom/-/rrweb-cssom-0.8.0.tgz. Extracting by manifest.
669 silly tarball no local data for argparse@https://registry.npmjs.org/argparse/-/argparse-2.0.1.tgz. Extracting by manifest.
670 silly tarball no local data for es-define-property@https://registry.npmjs.org/es-define-property/-/es-define-property-1.0.1.tgz. Extracting by manifest.
671 http fetch GET 200 https://registry.npmjs.org/is-extendable/-/is-extendable-0.1.1.tgz 464ms (cache miss)
672 http fetch GET 200 https://registry.npmjs.org/url-parse/-/url-parse-1.5.10.tgz 474ms (cache miss)
673 http fetch GET 200 https://registry.npmjs.org/safer-buffer/-/safer-buffer-2.1.2.tgz 500ms (cache miss)
674 http fetch GET 200 https://registry.npmjs.org/tr46/-/tr46-5.1.1.tgz 525ms (cache miss)
675 http fetch GET 200 https://registry.npmjs.org/extend-shallow/-/extend-shallow-2.0.1.tgz 545ms (cache miss)
676 http fetch GET 200 https://registry.npmjs.org/punycode/-/punycode-2.3.1.tgz 567ms (cache miss)
677 http fetch GET 200 https://registry.npmjs.org/mime-db/-/mime-db-1.52.0.tgz 611ms (cache miss)
678 http fetch GET 200 https://registry.npmjs.org/is-number/-/is-number-7.0.0.tgz 655ms (cache miss)
679 http fetch GET 200 https://registry.npmjs.org/queue-microtask/-/queue-microtask-1.2.3.tgz 654ms (cache miss)
680 http fetch GET 200 https://registry.npmjs.org/universalify/-/universalify-0.2.0.tgz 711ms (cache miss)
681 http fetch GET 200 https://registry.npmjs.org/querystringify/-/querystringify-2.2.0.tgz 729ms (cache miss)
682 http fetch GET 200 https://registry.npmjs.org/xmlchars/-/xmlchars-2.2.0.tgz 723ms (cache miss)
683 http fetch GET 200 https://registry.npmjs.org/to-regex-range/-/to-regex-range-5.0.1.tgz 724ms (cache miss)
684 http fetch GET 200 https://registry.npmjs.org/psl/-/psl-1.15.0.tgz 738ms (cache miss)
685 http fetch GET 200 https://registry.npmjs.org/requires-port/-/requires-port-1.0.0.tgz 780ms (cache miss)
686 http fetch GET 200 https://registry.npmjs.org/fill-range/-/fill-range-7.1.1.tgz 771ms (cache miss)
687 http fetch GET 200 https://registry.npmjs.org/iconv-lite/-/iconv-lite-0.6.3.tgz 814ms (cache miss)
688 http fetch GET 200 https://registry.npmjs.org/punycode.js/-/punycode.js-2.3.1.tgz 803ms (cache miss)
689 http fetch GET 200 https://registry.npmjs.org/picomatch/-/picomatch-2.3.1.tgz 804ms (cache miss)
690 http fetch GET 200 https://registry.npmjs.org/debug/-/debug-4.4.1.tgz 976ms (cache miss)
691 http fetch GET 200 https://registry.npmjs.org/uc.micro/-/uc.micro-2.1.0.tgz 984ms (cache miss)
692 http fetch GET 200 https://registry.npmjs.org/braces/-/braces-3.0.3.tgz 985ms (cache miss)
693 http fetch GET 200 https://registry.npmjs.org/dunder-proto/-/dunder-proto-1.0.1.tgz 1061ms (cache miss)
694 http fetch GET 200 https://registry.npmjs.org/linkify-it/-/linkify-it-5.0.0.tgz 1066ms (cache miss)
695 http fetch GET 200 https://registry.npmjs.org/entities/-/entities-4.5.0.tgz 1094ms (cache miss)
696 http fetch GET 200 https://registry.npmjs.org/math-intrinsics/-/math-intrinsics-1.1.0.tgz 1147ms (cache miss)
697 http fetch GET 200 https://registry.npmjs.org/mdurl/-/mdurl-2.0.0.tgz 1160ms (cache miss)
698 http fetch GET 200 https://registry.npmjs.org/agent-base/-/agent-base-7.1.4.tgz 1237ms (cache miss)
699 http fetch GET 200 https://registry.npmjs.org/ms/-/ms-2.1.3.tgz 1241ms (cache miss)
700 http fetch GET 200 https://registry.npmjs.org/gopd/-/gopd-1.2.0.tgz 1347ms (cache miss)
701 http fetch GET 200 https://registry.npmjs.org/get-proto/-/get-proto-1.0.1.tgz 1363ms (cache miss)
702 http fetch GET 200 https://registry.npmjs.org/es-errors/-/es-errors-1.3.0.tgz 1359ms (cache miss)
703 http fetch GET 200 https://registry.npmjs.org/call-bind-apply-helpers/-/call-bind-apply-helpers-1.0.2.tgz 1364ms (cache miss)
704 http fetch GET 200 https://registry.npmjs.org/has-symbols/-/has-symbols-1.1.0.tgz 1391ms (cache miss)
705 http fetch GET 200 https://registry.npmjs.org/function-bind/-/function-bind-1.1.2.tgz 1389ms (cache miss)
706 http fetch GET 200 https://registry.npmjs.org/get-intrinsic/-/get-intrinsic-1.3.0.tgz 1385ms (cache miss)
707 http fetch GET 200 https://registry.npmjs.org/hasown/-/hasown-2.0.2.tgz 1422ms (cache miss)
708 http fetch GET 200 https://registry.npmjs.org/es-object-atoms/-/es-object-atoms-1.1.1.tgz 1462ms (cache miss)
709 http fetch GET 200 https://registry.npmjs.org/delayed-stream/-/delayed-stream-1.0.0.tgz 1486ms (cache miss)
710 http fetch GET 200 https://registry.npmjs.org/es-set-tostringtag/-/es-set-tostringtag-2.1.0.tgz 1507ms (cache miss)
711 http fetch GET 200 https://registry.npmjs.org/has-tostringtag/-/has-tostringtag-1.0.2.tgz 1563ms (cache miss)
712 http fetch GET 200 https://registry.npmjs.org/asynckit/-/asynckit-0.4.0.tgz 1574ms (cache miss)
713 http fetch GET 200 https://registry.npmjs.org/@csstools/css-tokenizer/-/css-tokenizer-3.0.4.tgz 1603ms (cache miss)
714 http fetch GET 200 https://registry.npmjs.org/combined-stream/-/combined-stream-1.0.8.tgz 1637ms (cache miss)
715 http fetch GET 200 https://registry.npmjs.org/mime-types/-/mime-types-2.1.35.tgz 1658ms (cache miss)
716 http fetch GET 200 https://registry.npmjs.org/@csstools/css-color-parser/-/css-color-parser-3.1.0.tgz 1680ms (cache miss)
717 http fetch GET 200 https://registry.npmjs.org/@csstools/color-helpers/-/color-helpers-5.1.0.tgz 1715ms (cache miss)
718 http fetch GET 200 https://registry.npmjs.org/xml-name-validator/-/xml-name-validator-5.0.0.tgz 1787ms (cache miss)
719 http fetch GET 200 https://registry.npmjs.org/@csstools/css-parser-algorithms/-/css-parser-algorithms-3.0.5.tgz 1803ms (cache miss)
720 http fetch GET 200 https://registry.npmjs.org/@asamuzakjp/css-color/-/css-color-3.2.0.tgz 1827ms (cache miss)
721 http fetch GET 200 https://registry.npmjs.org/lru-cache/-/lru-cache-10.4.3.tgz 1847ms (cache miss)
722 http fetch GET 200 https://registry.npmjs.org/@csstools/css-calc/-/css-calc-2.1.4.tgz 1856ms (cache miss)
723 http fetch GET 200 https://registry.npmjs.org/whatwg-encoding/-/whatwg-encoding-3.1.1.tgz 1969ms (cache miss)
724 http fetch GET 200 https://registry.npmjs.org/symbol-tree/-/symbol-tree-3.2.4.tgz 1967ms (cache miss)
725 http fetch GET 200 https://registry.npmjs.org/is-potential-custom-element-name/-/is-potential-custom-element-name-1.0.1.tgz 2027ms (cache miss)
726 http fetch GET 200 https://registry.npmjs.org/saxes/-/saxes-6.0.0.tgz 2034ms (cache miss)
727 http fetch GET 200 https://registry.npmjs.org/tough-cookie/-/tough-cookie-4.1.4.tgz 2115ms (cache miss)
728 http fetch GET 200 https://registry.npmjs.org/webidl-conversions/-/webidl-conversions-7.0.0.tgz 2117ms (cache miss)
729 http fetch GET 200 https://registry.npmjs.org/rrweb-cssom/-/rrweb-cssom-0.7.1.tgz 2140ms (cache miss)
730 http fetch GET 200 https://registry.npmjs.org/nwsapi/-/nwsapi-2.2.21.tgz 2177ms (cache miss)
731 http fetch GET 200 https://registry.npmjs.org/whatwg-url/-/whatwg-url-14.2.0.tgz 2186ms (cache miss)
732 http fetch GET 200 https://registry.npmjs.org/w3c-xmlserializer/-/w3c-xmlserializer-5.0.0.tgz 2195ms (cache miss)
733 http fetch GET 200 https://registry.npmjs.org/whatwg-mimetype/-/whatwg-mimetype-4.0.0.tgz 2198ms (cache miss)
734 http fetch GET 200 https://registry.npmjs.org/parse5/-/parse5-7.3.0.tgz 2210ms (cache miss)
735 http fetch GET 200 https://registry.npmjs.org/html-encoding-sniffer/-/html-encoding-sniffer-4.0.0.tgz 2217ms (cache miss)
736 http fetch GET 200 https://registry.npmjs.org/ws/-/ws-8.18.3.tgz 2288ms (cache miss)
737 http fetch GET 200 https://registry.npmjs.org/http-proxy-agent/-/http-proxy-agent-7.0.2.tgz 2322ms (cache miss)
738 http fetch GET 200 https://registry.npmjs.org/decimal.js/-/decimal.js-10.6.0.tgz 2386ms (cache miss)
739 http fetch GET 200 https://registry.npmjs.org/https-proxy-agent/-/https-proxy-agent-7.0.6.tgz 2489ms (cache miss)
740 http fetch GET 200 https://registry.npmjs.org/reusify/-/reusify-1.1.0.tgz 2475ms (cache miss)
741 http fetch GET 200 https://registry.npmjs.org/data-urls/-/data-urls-5.0.0.tgz 2514ms (cache miss)
742 http fetch GET 200 https://registry.npmjs.org/esprima/-/esprima-4.0.1.tgz 2519ms (cache miss)
743 http fetch GET 200 https://registry.npmjs.org/kind-of/-/kind-of-6.0.3.tgz 2604ms (cache miss)
744 http fetch GET 200 https://registry.npmjs.org/cssstyle/-/cssstyle-4.6.0.tgz 2626ms (cache miss)
745 http fetch GET 200 https://registry.npmjs.org/is-extglob/-/is-extglob-2.1.1.tgz 2638ms (cache miss)
746 http fetch GET 200 https://registry.npmjs.org/sprintf-js/-/sprintf-js-1.0.3.tgz 2641ms (cache miss)
747 http fetch GET 200 https://registry.npmjs.org/run-parallel/-/run-parallel-1.2.0.tgz 2635ms (cache miss)
748 http fetch GET 200 https://registry.npmjs.org/form-data/-/form-data-4.0.4.tgz 2651ms (cache miss)
749 http fetch GET 200 https://registry.npmjs.org/argparse/-/argparse-1.0.10.tgz 2646ms (cache miss)
750 http fetch GET 200 https://registry.npmjs.org/js-yaml/-/js-yaml-3.14.1.tgz 2666ms (cache miss)
751 http fetch GET 200 https://registry.npmjs.org/fastq/-/fastq-1.19.1.tgz 2679ms (cache miss)
752 http fetch GET 200 https://registry.npmjs.org/micromatch/-/micromatch-4.0.8.tgz 2685ms (cache miss)
753 http fetch GET 200 https://registry.npmjs.org/merge2/-/merge2-1.4.1.tgz 2889ms (cache miss)
754 http fetch GET 200 https://registry.npmjs.org/markdown-it-footnote/-/markdown-it-footnote-4.0.0.tgz 2896ms (cache miss)
755 http fetch GET 200 https://registry.npmjs.org/is-glob/-/is-glob-4.0.3.tgz 2937ms (cache miss)
756 http fetch GET 200 https://registry.npmjs.org/markdown-it-deflist/-/markdown-it-deflist-3.0.0.tgz 3057ms (cache miss)
757 http fetch GET 200 https://registry.npmjs.org/strip-bom-string/-/strip-bom-string-1.0.0.tgz 3082ms (cache miss)
758 http fetch GET 200 https://registry.npmjs.org/section-matter/-/section-matter-1.0.0.tgz 3085ms (cache miss)
759 http fetch GET 200 https://registry.npmjs.org/@nodelib/fs.scandir/-/fs.scandir-2.1.5.tgz 3091ms (cache miss)
760 http fetch GET 200 https://registry.npmjs.org/@nodelib/fs.walk/-/fs.walk-1.2.8.tgz 3089ms (cache miss)
761 http fetch GET 200 https://registry.npmjs.org/glob-parent/-/glob-parent-5.1.2.tgz 3168ms (cache miss)
762 http fetch GET 200 https://registry.npmjs.org/@nodelib/fs.stat/-/fs.stat-2.0.5.tgz 3190ms (cache miss)
763 http fetch GET 200 https://registry.npmjs.org/gray-matter/-/gray-matter-4.0.3.tgz 3182ms (cache miss)
764 http fetch GET 200 https://registry.npmjs.org/marked/-/marked-12.0.2.tgz 3211ms (cache miss)
765 http fetch GET 200 https://registry.npmjs.org/fast-glob/-/fast-glob-3.3.3.tgz 3210ms (cache miss)
766 http fetch GET 200 https://registry.npmjs.org/es-define-property/-/es-define-property-1.0.1.tgz 3209ms (cache miss)
767 http fetch GET 200 https://registry.npmjs.org/rrweb-cssom/-/rrweb-cssom-0.8.0.tgz 3229ms (cache miss)
768 http fetch GET 200 https://registry.npmjs.org/commander/-/commander-14.0.0.tgz 3251ms (cache miss)
769 http fetch GET 200 https://registry.npmjs.org/markdown-it/-/markdown-it-14.1.0.tgz 3259ms (cache miss)
770 http fetch GET 200 https://registry.npmjs.org/argparse/-/argparse-2.0.1.tgz 3265ms (cache miss)
771 http fetch GET 200 https://registry.npmjs.org/entities/-/entities-6.0.1.tgz 3316ms (cache miss)
772 http fetch GET 200 https://registry.npmjs.org/yaml/-/yaml-2.8.1.tgz 3353ms (cache miss)
773 http fetch GET 200 https://registry.npmjs.org/prettier/-/prettier-3.6.2.tgz 3402ms (cache miss)
774 http fetch GET 200 https://registry.npmjs.org/jsdom/-/jsdom-24.1.3.tgz 3421ms (cache miss)
775 silly ADD node_modules/tr46
776 silly ADD node_modules/safer-buffer
777 silly ADD node_modules/iconv-lite
778 silly ADD node_modules/requires-port
779 silly ADD node_modules/querystringify
780 silly ADD node_modules/url-parse
781 silly ADD node_modules/universalify
782 silly ADD node_modules/punycode
783 silly ADD node_modules/psl
784 silly ADD node_modules/is-number
785 silly ADD node_modules/is-extendable
786 silly ADD node_modules/extend-shallow
787 silly ADD node_modules/xmlchars
788 silly ADD node_modules/queue-microtask
789 silly ADD node_modules/mime-db
790 silly ADD node_modules/to-regex-range
791 silly ADD node_modules/fill-range
792 silly ADD node_modules/picomatch
793 silly ADD node_modules/braces
794 silly ADD node_modules/uc.micro
795 silly ADD node_modules/punycode.js
796 silly ADD node_modules/mdurl
797 silly ADD node_modules/linkify-it
798 silly ADD node_modules/entities
799 silly ADD node_modules/ms
800 silly ADD node_modules/debug
801 silly ADD node_modules/agent-base
802 silly ADD node_modules/dunder-proto
803 silly ADD node_modules/math-intrinsics
804 silly ADD node_modules/has-symbols
805 silly ADD node_modules/gopd
806 silly ADD node_modules/get-proto
807 silly ADD node_modules/function-bind
808 silly ADD node_modules/es-object-atoms
809 silly ADD node_modules/es-define-property
810 silly ADD node_modules/call-bind-apply-helpers
811 silly ADD node_modules/has-tostringtag
812 silly ADD node_modules/get-intrinsic
813 silly ADD node_modules/es-errors
814 silly ADD node_modules/delayed-stream
815 silly ADD node_modules/mime-types
816 silly ADD node_modules/hasown
817 silly ADD node_modules/es-set-tostringtag
818 silly ADD node_modules/combined-stream
819 silly ADD node_modules/asynckit
820 silly ADD node_modules/@csstools/color-helpers
821 silly ADD node_modules/lru-cache
822 silly ADD node_modules/@csstools/css-color-parser
823 silly ADD node_modules/@csstools/css-tokenizer
824 silly ADD node_modules/@csstools/css-parser-algorithms
825 silly ADD node_modules/@csstools/css-calc
826 silly ADD node_modules/@asamuzakjp/css-color
827 silly ADD node_modules/xml-name-validator
828 silly ADD node_modules/ws
829 silly ADD node_modules/whatwg-url
830 silly ADD node_modules/whatwg-mimetype
831 silly ADD node_modules/whatwg-encoding
832 silly ADD node_modules/webidl-conversions
833 silly ADD node_modules/w3c-xmlserializer
834 silly ADD node_modules/tough-cookie
835 silly ADD node_modules/symbol-tree
836 silly ADD node_modules/saxes
837 silly ADD node_modules/rrweb-cssom
838 silly ADD node_modules/parse5
839 silly ADD node_modules/parse5/node_modules/entities
840 silly ADD node_modules/nwsapi
841 silly ADD node_modules/is-potential-custom-element-name
842 silly ADD node_modules/https-proxy-agent
843 silly ADD node_modules/http-proxy-agent
844 silly ADD node_modules/html-encoding-sniffer
845 silly ADD node_modules/form-data
846 silly ADD node_modules/decimal.js
847 silly ADD node_modules/data-urls
848 silly ADD node_modules/cssstyle
849 silly ADD node_modules/cssstyle/node_modules/rrweb-cssom
850 silly ADD node_modules/sprintf-js
851 silly ADD node_modules/esprima
852 silly ADD node_modules/argparse
853 silly ADD node_modules/is-extglob
854 silly ADD node_modules/strip-bom-string
855 silly ADD node_modules/section-matter
856 silly ADD node_modules/kind-of
857 silly ADD node_modules/js-yaml
858 silly ADD node_modules/is-glob
859 silly ADD node_modules/reusify
860 silly ADD node_modules/run-parallel
861 silly ADD node_modules/fastq
862 silly ADD node_modules/@nodelib/fs.scandir
863 silly ADD node_modules/micromatch
864 silly ADD node_modules/merge2
865 silly ADD node_modules/glob-parent
866 silly ADD node_modules/@nodelib/fs.walk
867 silly ADD node_modules/@nodelib/fs.stat
868 silly ADD node_modules/yaml
869 silly ADD node_modules/prettier
870 silly ADD node_modules/marked
871 silly ADD node_modules/markdown-it-footnote
872 silly ADD node_modules/markdown-it-deflist
873 silly ADD node_modules/markdown-it
874 silly ADD node_modules/markdown-it/node_modules/argparse
875 silly ADD node_modules/jsdom
876 silly ADD node_modules/gray-matter
877 silly ADD node_modules/fast-glob
878 silly ADD node_modules/commander
879 verbose cwd /home/runner/work/middle1/middle1
880 verbose os Linux 6.11.0-1018-azure
881 verbose node v20.19.4
882 verbose npm  v10.8.2
883 verbose exit 0
884 info ok
